<?xml version="1.0" encoding="UTF-8"?>
<coverage generated="1529260097156" clover="3.2.0">
  <project timestamp="1529260097156" name="All files">
    <metrics statements="106" coveredstatements="67" conditionals="101" coveredconditionals="68" methods="21" coveredmethods="11" elements="228" coveredelements="146" complexity="0" loc="106" ncloc="106" packages="1" files="2" classes="2">
      <file name="history.js" path="/home/ubuntu/workspace/packages/hobbit-navigator/src/history.js">
        <metrics statements="61" coveredstatements="61" conditionals="68" coveredconditionals="68" methods="11" coveredmethods="11"/>
        <line num="11" count="2" type="stmt"/>
        <line num="30" count="2" type="stmt"/>
        <line num="33" count="27" type="cond" truecount="4" falsecount="0"/>
        <line num="36" count="1" type="stmt"/>
        <line num="39" count="1" type="stmt"/>
        <line num="41" count="26" type="cond" truecount="4" falsecount="0"/>
        <line num="43" count="1" type="stmt"/>
        <line num="46" count="1" type="stmt"/>
        <line num="48" count="25" type="stmt"/>
        <line num="91" count="25" type="stmt"/>
        <line num="92" count="25" type="stmt"/>
        <line num="93" count="25" type="stmt"/>
        <line num="95" count="25" type="cond" truecount="2" falsecount="0"/>
        <line num="99" count="3" type="cond" truecount="2" falsecount="0"/>
        <line num="110" count="22" type="stmt"/>
        <line num="113" count="25" type="cond" truecount="2" falsecount="0"/>
        <line num="115" count="3" type="stmt"/>
        <line num="128" count="22" type="stmt"/>
        <line num="129" count="22" type="stmt"/>
        <line num="130" count="22" type="stmt"/>
        <line num="131" count="22" type="cond" truecount="2" falsecount="0"/>
        <line num="133" count="22" type="stmt"/>
        <line num="147" count="13" type="stmt"/>
        <line num="156" count="22" type="cond" truecount="2" falsecount="0"/>
        <line num="180" count="8" type="stmt"/>
        <line num="189" count="8" type="cond" truecount="2" falsecount="0"/>
        <line num="191" count="3" type="stmt"/>
        <line num="193" count="5" type="stmt"/>
        <line num="194" count="5" type="stmt"/>
        <line num="195" count="5" type="stmt"/>
        <line num="196" count="5" type="stmt"/>
        <line num="214" count="17" type="stmt"/>
        <line num="215" count="17" type="stmt"/>
        <line num="216" count="17" type="stmt"/>
        <line num="243" count="6" type="cond" truecount="2" falsecount="0"/>
        <line num="245" count="6" type="stmt"/>
        <line num="246" count="6" type="stmt"/>
        <line num="248" count="6" type="cond" truecount="4" falsecount="0"/>
        <line num="250" count="1" type="stmt"/>
        <line num="252" count="5" type="stmt"/>
        <line num="278" count="12" type="stmt"/>
        <line num="279" count="12" type="cond" truecount="2" falsecount="0"/>
        <line num="280" count="12" type="cond" truecount="2" falsecount="0"/>
        <line num="282" count="7" type="stmt"/>
        <line num="284" count="12" type="stmt"/>
        <line num="291" count="12" type="cond" truecount="2" falsecount="0"/>
        <line num="293" count="10" type="cond" truecount="2" falsecount="0"/>
        <line num="295" count="1" type="stmt"/>
        <line num="299" count="9" type="stmt"/>
        <line num="302" count="2" type="cond" truecount="2" falsecount="0"/>
        <line num="304" count="1" type="stmt"/>
        <line num="306" count="1" type="stmt"/>
        <line num="310" count="1" type="stmt"/>
        <line num="334" count="9" type="stmt"/>
        <line num="343" count="9" type="cond" truecount="2" falsecount="0"/>
        <line num="345" count="3" type="stmt"/>
        <line num="347" count="6" type="stmt"/>
        <line num="348" count="6" type="cond" truecount="2" falsecount="0"/>
        <line num="350" count="5" type="stmt"/>
        <line num="354" count="5" type="stmt"/>
        <line num="356" count="1" type="stmt"/>
      </file>
      <file name="router.js" path="/home/ubuntu/workspace/packages/hobbit-navigator/src/router.js">
        <metrics statements="45" coveredstatements="6" conditionals="33" coveredconditionals="0" methods="10" coveredmethods="0"/>
        <line num="16" count="1" type="stmt"/>
        <line num="24" count="1" type="stmt"/>
        <line num="32" count="0" type="stmt"/>
        <line num="41" count="0" type="stmt"/>
        <line num="48" count="0" type="stmt"/>
        <line num="55" count="0" type="stmt"/>
        <line num="109" count="0" type="stmt"/>
        <line num="110" count="0" type="stmt"/>
        <line num="112" count="0" type="cond" truecount="0" falsecount="2"/>
        <line num="115" count="0" type="stmt"/>
        <line num="116" count="0" type="stmt"/>
        <line num="119" count="0" type="cond" truecount="0" falsecount="2"/>
        <line num="121" count="0" type="stmt"/>
        <line num="122" count="0" type="cond" truecount="0" falsecount="4"/>
        <line num="125" count="0" type="stmt"/>
        <line num="128" count="0" type="cond" truecount="0" falsecount="2"/>
        <line num="131" count="0" type="stmt"/>
        <line num="132" count="0" type="cond" truecount="0" falsecount="4"/>
        <line num="135" count="0" type="stmt"/>
        <line num="138" count="0" type="cond" truecount="0" falsecount="2"/>
        <line num="140" count="0" type="stmt"/>
        <line num="142" count="0" type="stmt"/>
        <line num="144" count="0" type="stmt"/>
        <line num="146" count="0" type="stmt"/>
        <line num="147" count="0" type="cond" truecount="0" falsecount="2"/>
        <line num="150" count="0" type="cond" truecount="0" falsecount="5"/>
        <line num="154" count="0" type="stmt"/>
        <line num="174" count="0" type="cond" truecount="0" falsecount="4"/>
        <line num="175" count="0" type="stmt"/>
        <line num="182" count="0" type="stmt"/>
        <line num="201" count="1" type="stmt"/>
        <line num="202" count="0" type="stmt"/>
        <line num="212" count="1" type="stmt"/>
        <line num="213" count="0" type="cond" truecount="0" falsecount="2"/>
        <line num="215" count="0" type="stmt"/>
        <line num="217" count="0" type="stmt"/>
        <line num="219" count="0" type="stmt"/>
        <line num="244" count="1" type="cond" truecount="0" falsecount="2"/>
        <line num="245" count="0" type="cond" truecount="0" falsecount="2"/>
        <line num="247" count="0" type="stmt"/>
        <line num="249" count="0" type="stmt"/>
        <line num="251" count="0" type="stmt"/>
        <line num="279" count="1" type="stmt"/>
        <line num="280" count="0" type="stmt"/>
        <line num="282" count="0" type="stmt"/>
      </file>
    </metrics>
  </project>
</coverage>
