<?xml version="1.0" encoding="UTF-8"?>
<coverage generated="1529266894334" clover="3.2.0">
  <project timestamp="1529266894334" name="All files">
    <metrics statements="106" coveredstatements="106" conditionals="103" coveredconditionals="101" methods="22" coveredmethods="22" elements="231" coveredelements="229" complexity="0" loc="106" ncloc="106" packages="1" files="2" classes="2">
      <file name="history.js" path="/home/ubuntu/workspace/packages/hobbit-navigator/src/history.js">
        <metrics statements="61" coveredstatements="61" conditionals="68" coveredconditionals="68" methods="11" coveredmethods="11"/>
        <line num="11" count="2" type="stmt"/>
        <line num="30" count="2" type="stmt"/>
        <line num="33" count="45" type="cond" truecount="4" falsecount="0"/>
        <line num="36" count="1" type="stmt"/>
        <line num="39" count="1" type="stmt"/>
        <line num="41" count="44" type="cond" truecount="4" falsecount="0"/>
        <line num="43" count="1" type="stmt"/>
        <line num="46" count="1" type="stmt"/>
        <line num="48" count="43" type="stmt"/>
        <line num="91" count="43" type="stmt"/>
        <line num="92" count="43" type="stmt"/>
        <line num="93" count="43" type="stmt"/>
        <line num="95" count="43" type="cond" truecount="2" falsecount="0"/>
        <line num="99" count="3" type="cond" truecount="2" falsecount="0"/>
        <line num="110" count="40" type="stmt"/>
        <line num="113" count="43" type="cond" truecount="2" falsecount="0"/>
        <line num="115" count="3" type="stmt"/>
        <line num="128" count="40" type="stmt"/>
        <line num="129" count="40" type="stmt"/>
        <line num="130" count="40" type="stmt"/>
        <line num="131" count="40" type="cond" truecount="2" falsecount="0"/>
        <line num="133" count="40" type="stmt"/>
        <line num="147" count="26" type="stmt"/>
        <line num="156" count="49" type="cond" truecount="2" falsecount="0"/>
        <line num="180" count="30" type="stmt"/>
        <line num="189" count="30" type="cond" truecount="2" falsecount="0"/>
        <line num="191" count="5" type="stmt"/>
        <line num="193" count="25" type="stmt"/>
        <line num="194" count="25" type="stmt"/>
        <line num="195" count="9" type="stmt"/>
        <line num="196" count="9" type="stmt"/>
        <line num="214" count="62" type="stmt"/>
        <line num="215" count="62" type="stmt"/>
        <line num="216" count="62" type="stmt"/>
        <line num="243" count="7" type="cond" truecount="2" falsecount="0"/>
        <line num="245" count="7" type="stmt"/>
        <line num="246" count="7" type="stmt"/>
        <line num="248" count="7" type="cond" truecount="4" falsecount="0"/>
        <line num="250" count="2" type="stmt"/>
        <line num="252" count="5" type="stmt"/>
        <line num="278" count="12" type="stmt"/>
        <line num="279" count="12" type="cond" truecount="2" falsecount="0"/>
        <line num="280" count="12" type="cond" truecount="2" falsecount="0"/>
        <line num="282" count="7" type="stmt"/>
        <line num="284" count="12" type="stmt"/>
        <line num="291" count="12" type="cond" truecount="2" falsecount="0"/>
        <line num="293" count="10" type="cond" truecount="2" falsecount="0"/>
        <line num="295" count="1" type="stmt"/>
        <line num="299" count="9" type="stmt"/>
        <line num="302" count="2" type="cond" truecount="2" falsecount="0"/>
        <line num="304" count="1" type="stmt"/>
        <line num="306" count="1" type="stmt"/>
        <line num="310" count="1" type="stmt"/>
        <line num="334" count="32" type="stmt"/>
        <line num="343" count="32" type="cond" truecount="2" falsecount="0"/>
        <line num="345" count="15" type="stmt"/>
        <line num="347" count="17" type="stmt"/>
        <line num="348" count="17" type="cond" truecount="2" falsecount="0"/>
        <line num="350" count="14" type="stmt"/>
        <line num="354" count="14" type="stmt"/>
        <line num="356" count="3" type="stmt"/>
      </file>
      <file name="router.js" path="/home/ubuntu/workspace/packages/hobbit-navigator/src/router.js">
        <metrics statements="45" coveredstatements="45" conditionals="35" coveredconditionals="33" methods="11" coveredmethods="11"/>
        <line num="16" count="1" type="stmt"/>
        <line num="24" count="1" type="stmt"/>
        <line num="32" count="1" type="stmt"/>
        <line num="41" count="1" type="stmt"/>
        <line num="48" count="1" type="stmt"/>
        <line num="55" count="2" type="stmt"/>
        <line num="109" count="21" type="cond" truecount="2" falsecount="0"/>
        <line num="111" count="1" type="stmt"/>
        <line num="115" count="20" type="cond" truecount="2" falsecount="0"/>
        <line num="118" count="1" type="stmt"/>
        <line num="121" count="19" type="stmt"/>
        <line num="122" count="19" type="stmt"/>
        <line num="124" count="19" type="cond" truecount="2" falsecount="0"/>
        <line num="126" count="9" type="stmt"/>
        <line num="127" count="9" type="cond" truecount="4" falsecount="0"/>
        <line num="130" count="4" type="stmt"/>
        <line num="133" count="10" type="cond" truecount="1" falsecount="1"/>
        <line num="136" count="10" type="stmt"/>
        <line num="137" count="10" type="cond" truecount="4" falsecount="0"/>
        <line num="140" count="4" type="stmt"/>
        <line num="143" count="19" type="stmt"/>
        <line num="145" count="23" type="stmt"/>
        <line num="146" count="23" type="cond" truecount="2" falsecount="0"/>
        <line num="149" count="11" type="cond" truecount="5" falsecount="0"/>
        <line num="153" count="9" type="stmt"/>
        <line num="173" count="2" type="cond" truecount="3" falsecount="1"/>
        <line num="174" count="2" type="stmt"/>
        <line num="181" count="8" type="stmt"/>
        <line num="200" count="1" type="stmt"/>
        <line num="201" count="18" type="stmt"/>
        <line num="209" count="1" type="stmt"/>
        <line num="210" count="22" type="stmt"/>
        <line num="220" count="1" type="stmt"/>
        <line num="221" count="3" type="cond" truecount="2" falsecount="0"/>
        <line num="223" count="1" type="stmt"/>
        <line num="226" count="2" type="stmt"/>
        <line num="251" count="1" type="cond" truecount="2" falsecount="0"/>
        <line num="252" count="2" type="cond" truecount="2" falsecount="0"/>
        <line num="254" count="1" type="stmt"/>
        <line num="257" count="1" type="stmt"/>
        <line num="285" count="1" type="stmt"/>
        <line num="286" count="3" type="cond" truecount="2" falsecount="0"/>
        <line num="288" count="1" type="stmt"/>
        <line num="291" count="2" type="stmt"/>
        <line num="293" count="2" type="stmt"/>
      </file>
    </metrics>
  </project>
</coverage>
