{"/home/ubuntu/workspace/packages/hobbit-navigator/src/history.js": {"path":"/home/ubuntu/workspace/packages/hobbit-navigator/src/history.js","statementMap":{"0":{"start":{"line":11,"column":19},"end":{"line":15,"column":1}},"1":{"start":{"line":30,"column":28},"end":{"line":49,"column":1}},"2":{"start":{"line":33,"column":4},"end":{"line":47,"column":5}},"3":{"start":{"line":36,"column":8},"end":{"line":38,"column":73}},"4":{"start":{"line":39,"column":8},"end":{"line":39,"column":21}},"5":{"start":{"line":41,"column":9},"end":{"line":47,"column":5}},"6":{"start":{"line":43,"column":8},"end":{"line":45,"column":75}},"7":{"start":{"line":46,"column":8},"end":{"line":46,"column":21}},"8":{"start":{"line":48,"column":4},"end":{"line":48,"column":16}},"9":{"start":{"line":91,"column":8},"end":{"line":91,"column":67}},"10":{"start":{"line":92,"column":8},"end":{"line":92,"column":46}},"11":{"start":{"line":93,"column":57},"end":{"line":93,"column":75}},"12":{"start":{"line":95,"column":8},"end":{"line":111,"column":9}},"13":{"start":{"line":99,"column":12},"end":{"line":105,"column":14}},"14":{"start":{"line":110,"column":12},"end":{"line":110,"column":39}},"15":{"start":{"line":113,"column":8},"end":{"line":119,"column":9}},"16":{"start":{"line":115,"column":12},"end":{"line":118,"column":14}},"17":{"start":{"line":128,"column":47},"end":{"line":128,"column":65}},"18":{"start":{"line":129,"column":23},"end":{"line":129,"column":50}},"19":{"start":{"line":130,"column":8},"end":{"line":130,"column":43}},"20":{"start":{"line":131,"column":24},"end":{"line":132,"column":29}},"21":{"start":{"line":133,"column":8},"end":{"line":139,"column":10}},"22":{"start":{"line":147,"column":8},"end":{"line":147,"column":29}},"23":{"start":{"line":156,"column":8},"end":{"line":156,"column":42}},"24":{"start":{"line":180,"column":32},"end":{"line":188,"column":9}},"25":{"start":{"line":189,"column":8},"end":{"line":192,"column":9}},"26":{"start":{"line":191,"column":12},"end":{"line":191,"column":24}},"27":{"start":{"line":193,"column":23},"end":{"line":193,"column":37}},"28":{"start":{"line":194,"column":8},"end":{"line":197,"column":15}},"29":{"start":{"line":195,"column":12},"end":{"line":195,"column":48}},"30":{"start":{"line":196,"column":12},"end":{"line":196,"column":29}},"31":{"start":{"line":214,"column":21},"end":{"line":214,"column":23}},"32":{"start":{"line":215,"column":25},"end":{"line":215,"column":66}},"33":{"start":{"line":216,"column":8},"end":{"line":219,"column":10}},"34":{"start":{"line":243,"column":24},"end":{"line":243,"column":48}},"35":{"start":{"line":245,"column":29},"end":{"line":245,"column":63}},"36":{"start":{"line":246,"column":21},"end":{"line":246,"column":41}},"37":{"start":{"line":248,"column":8},"end":{"line":251,"column":9}},"38":{"start":{"line":250,"column":12},"end":{"line":250,"column":19}},"39":{"start":{"line":252,"column":8},"end":{"line":256,"column":11}},"40":{"start":{"line":278,"column":47},"end":{"line":278,"column":65}},"41":{"start":{"line":279,"column":20},"end":{"line":279,"column":64}},"42":{"start":{"line":280,"column":8},"end":{"line":283,"column":9}},"43":{"start":{"line":282,"column":12},"end":{"line":282,"column":27}},"44":{"start":{"line":284,"column":8},"end":{"line":290,"column":10}},"45":{"start":{"line":291,"column":8},"end":{"line":311,"column":9}},"46":{"start":{"line":293,"column":12},"end":{"line":300,"column":13}},"47":{"start":{"line":295,"column":16},"end":{"line":295,"column":62}},"48":{"start":{"line":299,"column":16},"end":{"line":299,"column":59}},"49":{"start":{"line":302,"column":13},"end":{"line":311,"column":9}},"50":{"start":{"line":304,"column":12},"end":{"line":305,"column":52}},"51":{"start":{"line":306,"column":12},"end":{"line":306,"column":19}},"52":{"start":{"line":310,"column":12},"end":{"line":310,"column":39}},"53":{"start":{"line":334,"column":26},"end":{"line":342,"column":9}},"54":{"start":{"line":343,"column":8},"end":{"line":346,"column":9}},"55":{"start":{"line":345,"column":12},"end":{"line":345,"column":25}},"56":{"start":{"line":347,"column":24},"end":{"line":347,"column":29}},"57":{"start":{"line":348,"column":8},"end":{"line":355,"column":9}},"58":{"start":{"line":350,"column":31},"end":{"line":353,"column":13}},"59":{"start":{"line":354,"column":12},"end":{"line":354,"column":40}},"60":{"start":{"line":356,"column":8},"end":{"line":356,"column":20}}},"fnMap":{"0":{"name":"(anonymous_0)","decl":{"start":{"line":30,"column":28},"end":{"line":30,"column":29}},"loc":{"start":{"line":30,"column":37},"end":{"line":49,"column":1}},"line":30},"1":{"name":"(anonymous_1)","decl":{"start":{"line":90,"column":4},"end":{"line":90,"column":5}},"loc":{"start":{"line":90,"column":29},"end":{"line":120,"column":5}},"line":90},"2":{"name":"(anonymous_2)","decl":{"start":{"line":127,"column":4},"end":{"line":127,"column":5}},"loc":{"start":{"line":127,"column":26},"end":{"line":140,"column":5}},"line":127},"3":{"name":"(anonymous_3)","decl":{"start":{"line":146,"column":4},"end":{"line":146,"column":5}},"loc":{"start":{"line":146,"column":18},"end":{"line":148,"column":5}},"line":146},"4":{"name":"(anonymous_4)","decl":{"start":{"line":155,"column":4},"end":{"line":155,"column":5}},"loc":{"start":{"line":155,"column":15},"end":{"line":157,"column":5}},"line":155},"5":{"name":"(anonymous_5)","decl":{"start":{"line":179,"column":4},"end":{"line":179,"column":5}},"loc":{"start":{"line":179,"column":87},"end":{"line":198,"column":5}},"line":179},"6":{"name":"(anonymous_6)","decl":{"start":{"line":194,"column":27},"end":{"line":194,"column":28}},"loc":{"start":{"line":194,"column":54},"end":{"line":197,"column":9}},"line":194},"7":{"name":"(anonymous_7)","decl":{"start":{"line":213,"column":4},"end":{"line":213,"column":5}},"loc":{"start":{"line":213,"column":48},"end":{"line":220,"column":5}},"line":213},"8":{"name":"(anonymous_8)","decl":{"start":{"line":242,"column":4},"end":{"line":242,"column":5}},"loc":{"start":{"line":242,"column":89},"end":{"line":257,"column":5}},"line":242},"9":{"name":"(anonymous_9)","decl":{"start":{"line":277,"column":4},"end":{"line":277,"column":5}},"loc":{"start":{"line":277,"column":81},"end":{"line":312,"column":5}},"line":277},"10":{"name":"(anonymous_10)","decl":{"start":{"line":333,"column":4},"end":{"line":333,"column":5}},"loc":{"start":{"line":333,"column":85},"end":{"line":357,"column":5}},"line":333}},"branchMap":{"0":{"loc":{"start":{"line":33,"column":4},"end":{"line":47,"column":5}},"type":"if","locations":[{"start":{"line":33,"column":4},"end":{"line":47,"column":5}},{"start":{"line":33,"column":4},"end":{"line":47,"column":5}}],"line":33},"1":{"loc":{"start":{"line":33,"column":8},"end":{"line":33,"column":51}},"type":"binary-expr","locations":[{"start":{"line":33,"column":8},"end":{"line":33,"column":34}},{"start":{"line":33,"column":38},"end":{"line":33,"column":51}}],"line":33},"2":{"loc":{"start":{"line":41,"column":9},"end":{"line":47,"column":5}},"type":"if","locations":[{"start":{"line":41,"column":9},"end":{"line":47,"column":5}},{"start":{"line":41,"column":9},"end":{"line":47,"column":5}}],"line":41},"3":{"loc":{"start":{"line":41,"column":13},"end":{"line":41,"column":51}},"type":"binary-expr","locations":[{"start":{"line":41,"column":13},"end":{"line":41,"column":25}},{"start":{"line":41,"column":29},"end":{"line":41,"column":51}}],"line":41},"4":{"loc":{"start":{"line":90,"column":16},"end":{"line":90,"column":27}},"type":"default-arg","locations":[{"start":{"line":90,"column":25},"end":{"line":90,"column":27}}],"line":90},"5":{"loc":{"start":{"line":95,"column":8},"end":{"line":111,"column":9}},"type":"if","locations":[{"start":{"line":95,"column":8},"end":{"line":111,"column":9}},{"start":{"line":95,"column":8},"end":{"line":111,"column":9}}],"line":95},"6":{"loc":{"start":{"line":99,"column":28},"end":{"line":105,"column":13}},"type":"cond-expr","locations":[{"start":{"line":99,"column":60},"end":{"line":99,"column":68}},{"start":{"line":99,"column":71},"end":{"line":105,"column":13}}],"line":99},"7":{"loc":{"start":{"line":101,"column":24},"end":{"line":101,"column":56}},"type":"cond-expr","locations":[{"start":{"line":101,"column":37},"end":{"line":101,"column":51}},{"start":{"line":101,"column":54},"end":{"line":101,"column":56}}],"line":101},"8":{"loc":{"start":{"line":113,"column":8},"end":{"line":119,"column":9}},"type":"if","locations":[{"start":{"line":113,"column":8},"end":{"line":119,"column":9}},{"start":{"line":113,"column":8},"end":{"line":119,"column":9}}],"line":113},"9":{"loc":{"start":{"line":131,"column":24},"end":{"line":132,"column":29}},"type":"cond-expr","locations":[{"start":{"line":131,"column":37},"end":{"line":131,"column":76}},{"start":{"line":132,"column":14},"end":{"line":132,"column":29}}],"line":131},"10":{"loc":{"start":{"line":134,"column":18},"end":{"line":134,"column":67}},"type":"cond-expr","locations":[{"start":{"line":134,"column":44},"end":{"line":134,"column":51}},{"start":{"line":134,"column":54},"end":{"line":134,"column":67}}],"line":134},"11":{"loc":{"start":{"line":135,"column":17},"end":{"line":135,"column":59}},"type":"cond-expr","locations":[{"start":{"line":135,"column":30},"end":{"line":135,"column":41}},{"start":{"line":135,"column":44},"end":{"line":135,"column":59}}],"line":135},"12":{"loc":{"start":{"line":136,"column":21},"end":{"line":136,"column":70}},"type":"cond-expr","locations":[{"start":{"line":136,"column":47},"end":{"line":136,"column":54}},{"start":{"line":136,"column":57},"end":{"line":136,"column":70}}],"line":136},"13":{"loc":{"start":{"line":156,"column":15},"end":{"line":156,"column":41}},"type":"binary-expr","locations":[{"start":{"line":156,"column":15},"end":{"line":156,"column":35}},{"start":{"line":156,"column":39},"end":{"line":156,"column":41}}],"line":156},"14":{"loc":{"start":{"line":179,"column":27},"end":{"line":179,"column":85}},"type":"default-arg","locations":[{"start":{"line":179,"column":83},"end":{"line":179,"column":85}}],"line":179},"15":{"loc":{"start":{"line":179,"column":28},"end":{"line":179,"column":41}},"type":"default-arg","locations":[{"start":{"line":179,"column":36},"end":{"line":179,"column":41}}],"line":179},"16":{"loc":{"start":{"line":179,"column":43},"end":{"line":179,"column":63}},"type":"default-arg","locations":[{"start":{"line":179,"column":59},"end":{"line":179,"column":63}}],"line":179},"17":{"loc":{"start":{"line":179,"column":65},"end":{"line":179,"column":79}},"type":"default-arg","locations":[{"start":{"line":179,"column":74},"end":{"line":179,"column":79}}],"line":179},"18":{"loc":{"start":{"line":189,"column":8},"end":{"line":192,"column":9}},"type":"if","locations":[{"start":{"line":189,"column":8},"end":{"line":192,"column":9}},{"start":{"line":189,"column":8},"end":{"line":192,"column":9}}],"line":189},"19":{"loc":{"start":{"line":242,"column":27},"end":{"line":242,"column":87}},"type":"default-arg","locations":[{"start":{"line":242,"column":85},"end":{"line":242,"column":87}}],"line":242},"20":{"loc":{"start":{"line":242,"column":28},"end":{"line":242,"column":39}},"type":"default-arg","locations":[{"start":{"line":242,"column":37},"end":{"line":242,"column":39}}],"line":242},"21":{"loc":{"start":{"line":242,"column":41},"end":{"line":242,"column":52}},"type":"default-arg","locations":[{"start":{"line":242,"column":50},"end":{"line":242,"column":52}}],"line":242},"22":{"loc":{"start":{"line":242,"column":54},"end":{"line":242,"column":67}},"type":"default-arg","locations":[{"start":{"line":242,"column":62},"end":{"line":242,"column":67}}],"line":242},"23":{"loc":{"start":{"line":242,"column":69},"end":{"line":242,"column":81}},"type":"default-arg","locations":[{"start":{"line":242,"column":79},"end":{"line":242,"column":81}}],"line":242},"24":{"loc":{"start":{"line":243,"column":24},"end":{"line":243,"column":48}},"type":"binary-expr","locations":[{"start":{"line":243,"column":24},"end":{"line":243,"column":39}},{"start":{"line":243,"column":43},"end":{"line":243,"column":48}}],"line":243},"25":{"loc":{"start":{"line":248,"column":8},"end":{"line":251,"column":9}},"type":"if","locations":[{"start":{"line":248,"column":8},"end":{"line":251,"column":9}},{"start":{"line":248,"column":8},"end":{"line":251,"column":9}}],"line":248},"26":{"loc":{"start":{"line":248,"column":12},"end":{"line":248,"column":49}},"type":"binary-expr","locations":[{"start":{"line":248,"column":12},"end":{"line":248,"column":18}},{"start":{"line":248,"column":22},"end":{"line":248,"column":49}}],"line":248},"27":{"loc":{"start":{"line":277,"column":23},"end":{"line":277,"column":33}},"type":"default-arg","locations":[{"start":{"line":277,"column":31},"end":{"line":277,"column":33}}],"line":277},"28":{"loc":{"start":{"line":277,"column":35},"end":{"line":277,"column":79}},"type":"default-arg","locations":[{"start":{"line":277,"column":77},"end":{"line":277,"column":79}}],"line":277},"29":{"loc":{"start":{"line":277,"column":36},"end":{"line":277,"column":47}},"type":"default-arg","locations":[{"start":{"line":277,"column":45},"end":{"line":277,"column":47}}],"line":277},"30":{"loc":{"start":{"line":277,"column":49},"end":{"line":277,"column":64}},"type":"default-arg","locations":[{"start":{"line":277,"column":59},"end":{"line":277,"column":64}}],"line":277},"31":{"loc":{"start":{"line":279,"column":23},"end":{"line":279,"column":55}},"type":"cond-expr","locations":[{"start":{"line":279,"column":36},"end":{"line":279,"column":50}},{"start":{"line":279,"column":53},"end":{"line":279,"column":55}}],"line":279},"32":{"loc":{"start":{"line":280,"column":8},"end":{"line":283,"column":9}},"type":"if","locations":[{"start":{"line":280,"column":8},"end":{"line":283,"column":9}},{"start":{"line":280,"column":8},"end":{"line":283,"column":9}}],"line":280},"33":{"loc":{"start":{"line":291,"column":8},"end":{"line":311,"column":9}},"type":"if","locations":[{"start":{"line":291,"column":8},"end":{"line":311,"column":9}},{"start":{"line":291,"column":8},"end":{"line":311,"column":9}}],"line":291},"34":{"loc":{"start":{"line":293,"column":12},"end":{"line":300,"column":13}},"type":"if","locations":[{"start":{"line":293,"column":12},"end":{"line":300,"column":13}},{"start":{"line":293,"column":12},"end":{"line":300,"column":13}}],"line":293},"35":{"loc":{"start":{"line":302,"column":13},"end":{"line":311,"column":9}},"type":"if","locations":[{"start":{"line":302,"column":13},"end":{"line":311,"column":9}},{"start":{"line":302,"column":13},"end":{"line":311,"column":9}}],"line":302},"36":{"loc":{"start":{"line":333,"column":25},"end":{"line":333,"column":83}},"type":"default-arg","locations":[{"start":{"line":333,"column":81},"end":{"line":333,"column":83}}],"line":333},"37":{"loc":{"start":{"line":333,"column":26},"end":{"line":333,"column":39}},"type":"default-arg","locations":[{"start":{"line":333,"column":34},"end":{"line":333,"column":39}}],"line":333},"38":{"loc":{"start":{"line":333,"column":41},"end":{"line":333,"column":61}},"type":"default-arg","locations":[{"start":{"line":333,"column":57},"end":{"line":333,"column":61}}],"line":333},"39":{"loc":{"start":{"line":333,"column":63},"end":{"line":333,"column":77}},"type":"default-arg","locations":[{"start":{"line":333,"column":72},"end":{"line":333,"column":77}}],"line":333},"40":{"loc":{"start":{"line":343,"column":8},"end":{"line":346,"column":9}},"type":"if","locations":[{"start":{"line":343,"column":8},"end":{"line":346,"column":9}},{"start":{"line":343,"column":8},"end":{"line":346,"column":9}}],"line":343},"41":{"loc":{"start":{"line":348,"column":8},"end":{"line":355,"column":9}},"type":"if","locations":[{"start":{"line":348,"column":8},"end":{"line":355,"column":9}},{"start":{"line":348,"column":8},"end":{"line":355,"column":9}}],"line":348},"42":{"loc":{"start":{"line":352,"column":16},"end":{"line":352,"column":40}},"type":"cond-expr","locations":[{"start":{"line":352,"column":32},"end":{"line":352,"column":34}},{"start":{"line":352,"column":37},"end":{"line":352,"column":40}}],"line":352}},"s":{"0":2,"1":2,"2":27,"3":1,"4":1,"5":26,"6":1,"7":1,"8":25,"9":25,"10":25,"11":25,"12":25,"13":3,"14":22,"15":25,"16":3,"17":22,"18":22,"19":22,"20":22,"21":22,"22":13,"23":22,"24":8,"25":8,"26":3,"27":5,"28":5,"29":5,"30":5,"31":17,"32":17,"33":17,"34":6,"35":6,"36":6,"37":6,"38":1,"39":5,"40":12,"41":12,"42":12,"43":7,"44":12,"45":12,"46":10,"47":1,"48":9,"49":2,"50":1,"51":1,"52":1,"53":9,"54":9,"55":3,"56":6,"57":6,"58":5,"59":5,"60":1},"f":{"0":27,"1":25,"2":22,"3":13,"4":22,"5":8,"6":5,"7":17,"8":6,"9":12,"10":9},"b":{"0":[1,26],"1":[27,26],"2":[1,25],"3":[26,25],"4":[20],"5":[3,22],"6":[1,2],"7":[1,1],"8":[3,22],"9":[2,20],"10":[20,2],"11":[2,20],"12":[20,2],"13":[22,10],"14":[3],"15":[7],"16":[6],"17":[6],"18":[3,5],"19":[1],"20":[2],"21":[5],"22":[5],"23":[6],"24":[6,6],"25":[1,5],"26":[6,5],"27":[3],"28":[4],"29":[6],"30":[5],"31":[1,11],"32":[7,5],"33":[10,2],"34":[1,9],"35":[1,1],"36":[2],"37":[8],"38":[5],"39":[7],"40":[3,6],"41":[5,1],"42":[3,2]},"_coverageSchema":"332fd63041d2c1bcb487cc26dd0d5f7d97098a6c","hash":"ab6387e1c06121b0e3989f5b5261ad47fda6f5e8"}
,"/home/ubuntu/workspace/packages/hobbit-navigator/src/router.js": {"path":"/home/ubuntu/workspace/packages/hobbit-navigator/src/router.js","statementMap":{"0":{"start":{"line":16,"column":14},"end":{"line":16,"column":23}},"1":{"start":{"line":24,"column":23},"end":{"line":57,"column":1}},"2":{"start":{"line":32,"column":8},"end":{"line":32,"column":74}},"3":{"start":{"line":41,"column":8},"end":{"line":41,"column":77}},"4":{"start":{"line":48,"column":8},"end":{"line":48,"column":19}},"5":{"start":{"line":55,"column":8},"end":{"line":55,"column":30}},"6":{"start":{"line":109,"column":17},"end":{"line":109,"column":19}},"7":{"start":{"line":110,"column":18},"end":{"line":110,"column":20}},"8":{"start":{"line":112,"column":4},"end":{"line":117,"column":5}},"9":{"start":{"line":115,"column":8},"end":{"line":115,"column":74}},"10":{"start":{"line":116,"column":8},"end":{"line":116,"column":20}},"11":{"start":{"line":119,"column":4},"end":{"line":137,"column":5}},"12":{"start":{"line":121,"column":8},"end":{"line":121,"column":30}},"13":{"start":{"line":122,"column":8},"end":{"line":126,"column":9}},"14":{"start":{"line":125,"column":12},"end":{"line":125,"column":35}},"15":{"start":{"line":128,"column":9},"end":{"line":137,"column":5}},"16":{"start":{"line":131,"column":8},"end":{"line":131,"column":44}},"17":{"start":{"line":132,"column":8},"end":{"line":136,"column":9}},"18":{"start":{"line":135,"column":12},"end":{"line":135,"column":35}},"19":{"start":{"line":138,"column":4},"end":{"line":143,"column":5}},"20":{"start":{"line":140,"column":8},"end":{"line":141,"column":47}},"21":{"start":{"line":142,"column":8},"end":{"line":142,"column":20}},"22":{"start":{"line":144,"column":4},"end":{"line":180,"column":5}},"23":{"start":{"line":146,"column":24},"end":{"line":146,"column":37}},"24":{"start":{"line":147,"column":8},"end":{"line":179,"column":9}},"25":{"start":{"line":150,"column":12},"end":{"line":178,"column":13}},"26":{"start":{"line":154,"column":16},"end":{"line":171,"column":19}},"27":{"start":{"line":174,"column":17},"end":{"line":178,"column":13}},"28":{"start":{"line":175,"column":16},"end":{"line":177,"column":19}},"29":{"start":{"line":182,"column":4},"end":{"line":182,"column":16}},"30":{"start":{"line":201,"column":0},"end":{"line":203,"column":2}},"31":{"start":{"line":202,"column":4},"end":{"line":202,"column":41}},"32":{"start":{"line":212,"column":0},"end":{"line":220,"column":2}},"33":{"start":{"line":213,"column":4},"end":{"line":218,"column":5}},"34":{"start":{"line":215,"column":8},"end":{"line":216,"column":47}},"35":{"start":{"line":217,"column":8},"end":{"line":217,"column":20}},"36":{"start":{"line":219,"column":4},"end":{"line":219,"column":33}},"37":{"start":{"line":244,"column":0},"end":{"line":254,"column":2}},"38":{"start":{"line":245,"column":4},"end":{"line":250,"column":5}},"39":{"start":{"line":247,"column":8},"end":{"line":248,"column":47}},"40":{"start":{"line":249,"column":8},"end":{"line":249,"column":20}},"41":{"start":{"line":251,"column":4},"end":{"line":253,"column":17}},"42":{"start":{"line":279,"column":0},"end":{"line":298,"column":2}},"43":{"start":{"line":280,"column":4},"end":{"line":297,"column":6}},"44":{"start":{"line":282,"column":12},"end":{"line":295,"column":15}}},"fnMap":{"0":{"name":"(anonymous_0)","decl":{"start":{"line":31,"column":14},"end":{"line":31,"column":15}},"loc":{"start":{"line":31,"column":25},"end":{"line":33,"column":5}},"line":31},"1":{"name":"(anonymous_1)","decl":{"start":{"line":40,"column":14},"end":{"line":40,"column":15}},"loc":{"start":{"line":40,"column":25},"end":{"line":42,"column":5}},"line":40},"2":{"name":"(anonymous_2)","decl":{"start":{"line":47,"column":16},"end":{"line":47,"column":17}},"loc":{"start":{"line":47,"column":27},"end":{"line":49,"column":5}},"line":47},"3":{"name":"(anonymous_3)","decl":{"start":{"line":54,"column":10},"end":{"line":54,"column":11}},"loc":{"start":{"line":54,"column":26},"end":{"line":56,"column":5}},"line":54},"4":{"name":"r","decl":{"start":{"line":107,"column":9},"end":{"line":107,"column":10}},"loc":{"start":{"line":107,"column":13},"end":{"line":183,"column":1}},"line":107},"5":{"name":"(anonymous_5)","decl":{"start":{"line":201,"column":17},"end":{"line":201,"column":18}},"loc":{"start":{"line":201,"column":36},"end":{"line":203,"column":1}},"line":201},"6":{"name":"(anonymous_6)","decl":{"start":{"line":212,"column":16},"end":{"line":212,"column":17}},"loc":{"start":{"line":212,"column":22},"end":{"line":220,"column":1}},"line":212},"7":{"name":"(anonymous_7)","decl":{"start":{"line":244,"column":13},"end":{"line":244,"column":14}},"loc":{"start":{"line":244,"column":51},"end":{"line":254,"column":1}},"line":244},"8":{"name":"(anonymous_8)","decl":{"start":{"line":279,"column":17},"end":{"line":279,"column":18}},"loc":{"start":{"line":279,"column":50},"end":{"line":298,"column":1}},"line":279},"9":{"name":"(anonymous_9)","decl":{"start":{"line":281,"column":14},"end":{"line":281,"column":15}},"loc":{"start":{"line":281,"column":30},"end":{"line":296,"column":9}},"line":281}},"branchMap":{"0":{"loc":{"start":{"line":112,"column":4},"end":{"line":117,"column":5}},"type":"if","locations":[{"start":{"line":112,"column":4},"end":{"line":117,"column":5}},{"start":{"line":112,"column":4},"end":{"line":117,"column":5}}],"line":112},"1":{"loc":{"start":{"line":119,"column":4},"end":{"line":137,"column":5}},"type":"if","locations":[{"start":{"line":119,"column":4},"end":{"line":137,"column":5}},{"start":{"line":119,"column":4},"end":{"line":137,"column":5}}],"line":119},"2":{"loc":{"start":{"line":122,"column":8},"end":{"line":126,"column":9}},"type":"if","locations":[{"start":{"line":122,"column":8},"end":{"line":126,"column":9}},{"start":{"line":122,"column":8},"end":{"line":126,"column":9}}],"line":122},"3":{"loc":{"start":{"line":122,"column":12},"end":{"line":122,"column":69}},"type":"binary-expr","locations":[{"start":{"line":122,"column":12},"end":{"line":122,"column":32}},{"start":{"line":122,"column":36},"end":{"line":122,"column":69}}],"line":122},"4":{"loc":{"start":{"line":128,"column":9},"end":{"line":137,"column":5}},"type":"if","locations":[{"start":{"line":128,"column":9},"end":{"line":137,"column":5}},{"start":{"line":128,"column":9},"end":{"line":137,"column":5}}],"line":128},"5":{"loc":{"start":{"line":132,"column":8},"end":{"line":136,"column":9}},"type":"if","locations":[{"start":{"line":132,"column":8},"end":{"line":136,"column":9}},{"start":{"line":132,"column":8},"end":{"line":136,"column":9}}],"line":132},"6":{"loc":{"start":{"line":132,"column":12},"end":{"line":132,"column":69}},"type":"binary-expr","locations":[{"start":{"line":132,"column":12},"end":{"line":132,"column":32}},{"start":{"line":132,"column":36},"end":{"line":132,"column":69}}],"line":132},"7":{"loc":{"start":{"line":138,"column":4},"end":{"line":143,"column":5}},"type":"if","locations":[{"start":{"line":138,"column":4},"end":{"line":143,"column":5}},{"start":{"line":138,"column":4},"end":{"line":143,"column":5}}],"line":138},"8":{"loc":{"start":{"line":147,"column":8},"end":{"line":179,"column":9}},"type":"if","locations":[{"start":{"line":147,"column":8},"end":{"line":179,"column":9}},{"start":{"line":147,"column":8},"end":{"line":179,"column":9}}],"line":147},"9":{"loc":{"start":{"line":150,"column":12},"end":{"line":178,"column":13}},"type":"if","locations":[{"start":{"line":150,"column":12},"end":{"line":178,"column":13}},{"start":{"line":150,"column":12},"end":{"line":178,"column":13}}],"line":150},"10":{"loc":{"start":{"line":150,"column":16},"end":{"line":151,"column":60}},"type":"binary-expr","locations":[{"start":{"line":150,"column":16},"end":{"line":150,"column":46}},{"start":{"line":150,"column":50},"end":{"line":150,"column":63}},{"start":{"line":151,"column":19},"end":{"line":151,"column":60}}],"line":150},"11":{"loc":{"start":{"line":174,"column":17},"end":{"line":178,"column":13}},"type":"if","locations":[{"start":{"line":174,"column":17},"end":{"line":178,"column":13}},{"start":{"line":174,"column":17},"end":{"line":178,"column":13}}],"line":174},"12":{"loc":{"start":{"line":174,"column":21},"end":{"line":174,"column":68}},"type":"binary-expr","locations":[{"start":{"line":174,"column":21},"end":{"line":174,"column":51}},{"start":{"line":174,"column":55},"end":{"line":174,"column":68}}],"line":174},"13":{"loc":{"start":{"line":213,"column":4},"end":{"line":218,"column":5}},"type":"if","locations":[{"start":{"line":213,"column":4},"end":{"line":218,"column":5}},{"start":{"line":213,"column":4},"end":{"line":218,"column":5}}],"line":213},"14":{"loc":{"start":{"line":244,"column":21},"end":{"line":244,"column":32}},"type":"default-arg","locations":[{"start":{"line":244,"column":30},"end":{"line":244,"column":32}}],"line":244},"15":{"loc":{"start":{"line":244,"column":34},"end":{"line":244,"column":46}},"type":"default-arg","locations":[{"start":{"line":244,"column":44},"end":{"line":244,"column":46}}],"line":244},"16":{"loc":{"start":{"line":245,"column":4},"end":{"line":250,"column":5}},"type":"if","locations":[{"start":{"line":245,"column":4},"end":{"line":250,"column":5}},{"start":{"line":245,"column":4},"end":{"line":250,"column":5}}],"line":245}},"s":{"0":1,"1":1,"2":0,"3":0,"4":0,"5":0,"6":0,"7":0,"8":0,"9":0,"10":0,"11":0,"12":0,"13":0,"14":0,"15":0,"16":0,"17":0,"18":0,"19":0,"20":0,"21":0,"22":0,"23":0,"24":0,"25":0,"26":0,"27":0,"28":0,"29":0,"30":1,"31":0,"32":1,"33":0,"34":0,"35":0,"36":0,"37":1,"38":0,"39":0,"40":0,"41":0,"42":1,"43":0,"44":0},"f":{"0":0,"1":0,"2":0,"3":0,"4":0,"5":0,"6":0,"7":0,"8":0,"9":0},"b":{"0":[0,0],"1":[0,0],"2":[0,0],"3":[0,0],"4":[0,0],"5":[0,0],"6":[0,0],"7":[0,0],"8":[0,0],"9":[0,0],"10":[0,0,0],"11":[0,0],"12":[0,0],"13":[0,0],"14":[0],"15":[0],"16":[0,0]},"_coverageSchema":"332fd63041d2c1bcb487cc26dd0d5f7d97098a6c","hash":"62fac34496c10db620ed6fe24f46db6fc6440c03"}
}
