{"/home/ubuntu/workspace/packages/hobbit-navigator/src/history.js": {"path":"/home/ubuntu/workspace/packages/hobbit-navigator/src/history.js","statementMap":{"0":{"start":{"line":11,"column":19},"end":{"line":15,"column":1}},"1":{"start":{"line":30,"column":28},"end":{"line":49,"column":1}},"2":{"start":{"line":33,"column":4},"end":{"line":47,"column":5}},"3":{"start":{"line":36,"column":8},"end":{"line":38,"column":73}},"4":{"start":{"line":39,"column":8},"end":{"line":39,"column":21}},"5":{"start":{"line":41,"column":9},"end":{"line":47,"column":5}},"6":{"start":{"line":43,"column":8},"end":{"line":45,"column":75}},"7":{"start":{"line":46,"column":8},"end":{"line":46,"column":21}},"8":{"start":{"line":48,"column":4},"end":{"line":48,"column":16}},"9":{"start":{"line":91,"column":8},"end":{"line":91,"column":67}},"10":{"start":{"line":92,"column":8},"end":{"line":92,"column":46}},"11":{"start":{"line":93,"column":57},"end":{"line":93,"column":75}},"12":{"start":{"line":95,"column":8},"end":{"line":111,"column":9}},"13":{"start":{"line":99,"column":12},"end":{"line":105,"column":14}},"14":{"start":{"line":110,"column":12},"end":{"line":110,"column":39}},"15":{"start":{"line":113,"column":8},"end":{"line":119,"column":9}},"16":{"start":{"line":115,"column":12},"end":{"line":118,"column":14}},"17":{"start":{"line":128,"column":47},"end":{"line":128,"column":65}},"18":{"start":{"line":129,"column":23},"end":{"line":129,"column":50}},"19":{"start":{"line":130,"column":8},"end":{"line":130,"column":43}},"20":{"start":{"line":131,"column":24},"end":{"line":132,"column":29}},"21":{"start":{"line":133,"column":8},"end":{"line":139,"column":10}},"22":{"start":{"line":147,"column":8},"end":{"line":147,"column":29}},"23":{"start":{"line":156,"column":8},"end":{"line":156,"column":42}},"24":{"start":{"line":180,"column":32},"end":{"line":188,"column":9}},"25":{"start":{"line":189,"column":8},"end":{"line":192,"column":9}},"26":{"start":{"line":191,"column":12},"end":{"line":191,"column":24}},"27":{"start":{"line":193,"column":23},"end":{"line":193,"column":37}},"28":{"start":{"line":194,"column":8},"end":{"line":197,"column":15}},"29":{"start":{"line":195,"column":12},"end":{"line":195,"column":48}},"30":{"start":{"line":196,"column":12},"end":{"line":196,"column":29}},"31":{"start":{"line":214,"column":21},"end":{"line":214,"column":23}},"32":{"start":{"line":215,"column":25},"end":{"line":215,"column":66}},"33":{"start":{"line":216,"column":8},"end":{"line":219,"column":10}},"34":{"start":{"line":243,"column":24},"end":{"line":243,"column":48}},"35":{"start":{"line":245,"column":29},"end":{"line":245,"column":63}},"36":{"start":{"line":246,"column":21},"end":{"line":246,"column":41}},"37":{"start":{"line":248,"column":8},"end":{"line":251,"column":9}},"38":{"start":{"line":250,"column":12},"end":{"line":250,"column":19}},"39":{"start":{"line":252,"column":8},"end":{"line":256,"column":11}},"40":{"start":{"line":278,"column":47},"end":{"line":278,"column":65}},"41":{"start":{"line":279,"column":20},"end":{"line":279,"column":64}},"42":{"start":{"line":280,"column":8},"end":{"line":283,"column":9}},"43":{"start":{"line":282,"column":12},"end":{"line":282,"column":27}},"44":{"start":{"line":284,"column":8},"end":{"line":290,"column":10}},"45":{"start":{"line":291,"column":8},"end":{"line":311,"column":9}},"46":{"start":{"line":293,"column":12},"end":{"line":300,"column":13}},"47":{"start":{"line":295,"column":16},"end":{"line":295,"column":62}},"48":{"start":{"line":299,"column":16},"end":{"line":299,"column":59}},"49":{"start":{"line":302,"column":13},"end":{"line":311,"column":9}},"50":{"start":{"line":304,"column":12},"end":{"line":305,"column":52}},"51":{"start":{"line":306,"column":12},"end":{"line":306,"column":19}},"52":{"start":{"line":310,"column":12},"end":{"line":310,"column":39}},"53":{"start":{"line":334,"column":26},"end":{"line":342,"column":9}},"54":{"start":{"line":343,"column":8},"end":{"line":346,"column":9}},"55":{"start":{"line":345,"column":12},"end":{"line":345,"column":25}},"56":{"start":{"line":347,"column":24},"end":{"line":347,"column":29}},"57":{"start":{"line":348,"column":8},"end":{"line":355,"column":9}},"58":{"start":{"line":350,"column":31},"end":{"line":353,"column":13}},"59":{"start":{"line":354,"column":12},"end":{"line":354,"column":40}},"60":{"start":{"line":356,"column":8},"end":{"line":356,"column":20}}},"fnMap":{"0":{"name":"(anonymous_0)","decl":{"start":{"line":30,"column":28},"end":{"line":30,"column":29}},"loc":{"start":{"line":30,"column":37},"end":{"line":49,"column":1}},"line":30},"1":{"name":"(anonymous_1)","decl":{"start":{"line":90,"column":4},"end":{"line":90,"column":5}},"loc":{"start":{"line":90,"column":29},"end":{"line":120,"column":5}},"line":90},"2":{"name":"(anonymous_2)","decl":{"start":{"line":127,"column":4},"end":{"line":127,"column":5}},"loc":{"start":{"line":127,"column":26},"end":{"line":140,"column":5}},"line":127},"3":{"name":"(anonymous_3)","decl":{"start":{"line":146,"column":4},"end":{"line":146,"column":5}},"loc":{"start":{"line":146,"column":18},"end":{"line":148,"column":5}},"line":146},"4":{"name":"(anonymous_4)","decl":{"start":{"line":155,"column":4},"end":{"line":155,"column":5}},"loc":{"start":{"line":155,"column":15},"end":{"line":157,"column":5}},"line":155},"5":{"name":"(anonymous_5)","decl":{"start":{"line":179,"column":4},"end":{"line":179,"column":5}},"loc":{"start":{"line":179,"column":87},"end":{"line":198,"column":5}},"line":179},"6":{"name":"(anonymous_6)","decl":{"start":{"line":194,"column":27},"end":{"line":194,"column":28}},"loc":{"start":{"line":194,"column":54},"end":{"line":197,"column":9}},"line":194},"7":{"name":"(anonymous_7)","decl":{"start":{"line":213,"column":4},"end":{"line":213,"column":5}},"loc":{"start":{"line":213,"column":48},"end":{"line":220,"column":5}},"line":213},"8":{"name":"(anonymous_8)","decl":{"start":{"line":242,"column":4},"end":{"line":242,"column":5}},"loc":{"start":{"line":242,"column":89},"end":{"line":257,"column":5}},"line":242},"9":{"name":"(anonymous_9)","decl":{"start":{"line":277,"column":4},"end":{"line":277,"column":5}},"loc":{"start":{"line":277,"column":81},"end":{"line":312,"column":5}},"line":277},"10":{"name":"(anonymous_10)","decl":{"start":{"line":333,"column":4},"end":{"line":333,"column":5}},"loc":{"start":{"line":333,"column":85},"end":{"line":357,"column":5}},"line":333}},"branchMap":{"0":{"loc":{"start":{"line":33,"column":4},"end":{"line":47,"column":5}},"type":"if","locations":[{"start":{"line":33,"column":4},"end":{"line":47,"column":5}},{"start":{"line":33,"column":4},"end":{"line":47,"column":5}}],"line":33},"1":{"loc":{"start":{"line":33,"column":8},"end":{"line":33,"column":51}},"type":"binary-expr","locations":[{"start":{"line":33,"column":8},"end":{"line":33,"column":34}},{"start":{"line":33,"column":38},"end":{"line":33,"column":51}}],"line":33},"2":{"loc":{"start":{"line":41,"column":9},"end":{"line":47,"column":5}},"type":"if","locations":[{"start":{"line":41,"column":9},"end":{"line":47,"column":5}},{"start":{"line":41,"column":9},"end":{"line":47,"column":5}}],"line":41},"3":{"loc":{"start":{"line":41,"column":13},"end":{"line":41,"column":51}},"type":"binary-expr","locations":[{"start":{"line":41,"column":13},"end":{"line":41,"column":25}},{"start":{"line":41,"column":29},"end":{"line":41,"column":51}}],"line":41},"4":{"loc":{"start":{"line":90,"column":16},"end":{"line":90,"column":27}},"type":"default-arg","locations":[{"start":{"line":90,"column":25},"end":{"line":90,"column":27}}],"line":90},"5":{"loc":{"start":{"line":95,"column":8},"end":{"line":111,"column":9}},"type":"if","locations":[{"start":{"line":95,"column":8},"end":{"line":111,"column":9}},{"start":{"line":95,"column":8},"end":{"line":111,"column":9}}],"line":95},"6":{"loc":{"start":{"line":99,"column":28},"end":{"line":105,"column":13}},"type":"cond-expr","locations":[{"start":{"line":99,"column":60},"end":{"line":99,"column":68}},{"start":{"line":99,"column":71},"end":{"line":105,"column":13}}],"line":99},"7":{"loc":{"start":{"line":101,"column":24},"end":{"line":101,"column":56}},"type":"cond-expr","locations":[{"start":{"line":101,"column":37},"end":{"line":101,"column":51}},{"start":{"line":101,"column":54},"end":{"line":101,"column":56}}],"line":101},"8":{"loc":{"start":{"line":113,"column":8},"end":{"line":119,"column":9}},"type":"if","locations":[{"start":{"line":113,"column":8},"end":{"line":119,"column":9}},{"start":{"line":113,"column":8},"end":{"line":119,"column":9}}],"line":113},"9":{"loc":{"start":{"line":131,"column":24},"end":{"line":132,"column":29}},"type":"cond-expr","locations":[{"start":{"line":131,"column":37},"end":{"line":131,"column":76}},{"start":{"line":132,"column":14},"end":{"line":132,"column":29}}],"line":131},"10":{"loc":{"start":{"line":134,"column":18},"end":{"line":134,"column":67}},"type":"cond-expr","locations":[{"start":{"line":134,"column":44},"end":{"line":134,"column":51}},{"start":{"line":134,"column":54},"end":{"line":134,"column":67}}],"line":134},"11":{"loc":{"start":{"line":135,"column":17},"end":{"line":135,"column":59}},"type":"cond-expr","locations":[{"start":{"line":135,"column":30},"end":{"line":135,"column":41}},{"start":{"line":135,"column":44},"end":{"line":135,"column":59}}],"line":135},"12":{"loc":{"start":{"line":136,"column":21},"end":{"line":136,"column":70}},"type":"cond-expr","locations":[{"start":{"line":136,"column":47},"end":{"line":136,"column":54}},{"start":{"line":136,"column":57},"end":{"line":136,"column":70}}],"line":136},"13":{"loc":{"start":{"line":156,"column":15},"end":{"line":156,"column":41}},"type":"binary-expr","locations":[{"start":{"line":156,"column":15},"end":{"line":156,"column":35}},{"start":{"line":156,"column":39},"end":{"line":156,"column":41}}],"line":156},"14":{"loc":{"start":{"line":179,"column":27},"end":{"line":179,"column":85}},"type":"default-arg","locations":[{"start":{"line":179,"column":83},"end":{"line":179,"column":85}}],"line":179},"15":{"loc":{"start":{"line":179,"column":28},"end":{"line":179,"column":41}},"type":"default-arg","locations":[{"start":{"line":179,"column":36},"end":{"line":179,"column":41}}],"line":179},"16":{"loc":{"start":{"line":179,"column":43},"end":{"line":179,"column":63}},"type":"default-arg","locations":[{"start":{"line":179,"column":59},"end":{"line":179,"column":63}}],"line":179},"17":{"loc":{"start":{"line":179,"column":65},"end":{"line":179,"column":79}},"type":"default-arg","locations":[{"start":{"line":179,"column":74},"end":{"line":179,"column":79}}],"line":179},"18":{"loc":{"start":{"line":189,"column":8},"end":{"line":192,"column":9}},"type":"if","locations":[{"start":{"line":189,"column":8},"end":{"line":192,"column":9}},{"start":{"line":189,"column":8},"end":{"line":192,"column":9}}],"line":189},"19":{"loc":{"start":{"line":242,"column":27},"end":{"line":242,"column":87}},"type":"default-arg","locations":[{"start":{"line":242,"column":85},"end":{"line":242,"column":87}}],"line":242},"20":{"loc":{"start":{"line":242,"column":28},"end":{"line":242,"column":39}},"type":"default-arg","locations":[{"start":{"line":242,"column":37},"end":{"line":242,"column":39}}],"line":242},"21":{"loc":{"start":{"line":242,"column":41},"end":{"line":242,"column":52}},"type":"default-arg","locations":[{"start":{"line":242,"column":50},"end":{"line":242,"column":52}}],"line":242},"22":{"loc":{"start":{"line":242,"column":54},"end":{"line":242,"column":67}},"type":"default-arg","locations":[{"start":{"line":242,"column":62},"end":{"line":242,"column":67}}],"line":242},"23":{"loc":{"start":{"line":242,"column":69},"end":{"line":242,"column":81}},"type":"default-arg","locations":[{"start":{"line":242,"column":79},"end":{"line":242,"column":81}}],"line":242},"24":{"loc":{"start":{"line":243,"column":24},"end":{"line":243,"column":48}},"type":"binary-expr","locations":[{"start":{"line":243,"column":24},"end":{"line":243,"column":39}},{"start":{"line":243,"column":43},"end":{"line":243,"column":48}}],"line":243},"25":{"loc":{"start":{"line":248,"column":8},"end":{"line":251,"column":9}},"type":"if","locations":[{"start":{"line":248,"column":8},"end":{"line":251,"column":9}},{"start":{"line":248,"column":8},"end":{"line":251,"column":9}}],"line":248},"26":{"loc":{"start":{"line":248,"column":12},"end":{"line":248,"column":49}},"type":"binary-expr","locations":[{"start":{"line":248,"column":12},"end":{"line":248,"column":18}},{"start":{"line":248,"column":22},"end":{"line":248,"column":49}}],"line":248},"27":{"loc":{"start":{"line":277,"column":23},"end":{"line":277,"column":33}},"type":"default-arg","locations":[{"start":{"line":277,"column":31},"end":{"line":277,"column":33}}],"line":277},"28":{"loc":{"start":{"line":277,"column":35},"end":{"line":277,"column":79}},"type":"default-arg","locations":[{"start":{"line":277,"column":77},"end":{"line":277,"column":79}}],"line":277},"29":{"loc":{"start":{"line":277,"column":36},"end":{"line":277,"column":47}},"type":"default-arg","locations":[{"start":{"line":277,"column":45},"end":{"line":277,"column":47}}],"line":277},"30":{"loc":{"start":{"line":277,"column":49},"end":{"line":277,"column":64}},"type":"default-arg","locations":[{"start":{"line":277,"column":59},"end":{"line":277,"column":64}}],"line":277},"31":{"loc":{"start":{"line":279,"column":23},"end":{"line":279,"column":55}},"type":"cond-expr","locations":[{"start":{"line":279,"column":36},"end":{"line":279,"column":50}},{"start":{"line":279,"column":53},"end":{"line":279,"column":55}}],"line":279},"32":{"loc":{"start":{"line":280,"column":8},"end":{"line":283,"column":9}},"type":"if","locations":[{"start":{"line":280,"column":8},"end":{"line":283,"column":9}},{"start":{"line":280,"column":8},"end":{"line":283,"column":9}}],"line":280},"33":{"loc":{"start":{"line":291,"column":8},"end":{"line":311,"column":9}},"type":"if","locations":[{"start":{"line":291,"column":8},"end":{"line":311,"column":9}},{"start":{"line":291,"column":8},"end":{"line":311,"column":9}}],"line":291},"34":{"loc":{"start":{"line":293,"column":12},"end":{"line":300,"column":13}},"type":"if","locations":[{"start":{"line":293,"column":12},"end":{"line":300,"column":13}},{"start":{"line":293,"column":12},"end":{"line":300,"column":13}}],"line":293},"35":{"loc":{"start":{"line":302,"column":13},"end":{"line":311,"column":9}},"type":"if","locations":[{"start":{"line":302,"column":13},"end":{"line":311,"column":9}},{"start":{"line":302,"column":13},"end":{"line":311,"column":9}}],"line":302},"36":{"loc":{"start":{"line":333,"column":25},"end":{"line":333,"column":83}},"type":"default-arg","locations":[{"start":{"line":333,"column":81},"end":{"line":333,"column":83}}],"line":333},"37":{"loc":{"start":{"line":333,"column":26},"end":{"line":333,"column":39}},"type":"default-arg","locations":[{"start":{"line":333,"column":34},"end":{"line":333,"column":39}}],"line":333},"38":{"loc":{"start":{"line":333,"column":41},"end":{"line":333,"column":61}},"type":"default-arg","locations":[{"start":{"line":333,"column":57},"end":{"line":333,"column":61}}],"line":333},"39":{"loc":{"start":{"line":333,"column":63},"end":{"line":333,"column":77}},"type":"default-arg","locations":[{"start":{"line":333,"column":72},"end":{"line":333,"column":77}}],"line":333},"40":{"loc":{"start":{"line":343,"column":8},"end":{"line":346,"column":9}},"type":"if","locations":[{"start":{"line":343,"column":8},"end":{"line":346,"column":9}},{"start":{"line":343,"column":8},"end":{"line":346,"column":9}}],"line":343},"41":{"loc":{"start":{"line":348,"column":8},"end":{"line":355,"column":9}},"type":"if","locations":[{"start":{"line":348,"column":8},"end":{"line":355,"column":9}},{"start":{"line":348,"column":8},"end":{"line":355,"column":9}}],"line":348},"42":{"loc":{"start":{"line":352,"column":16},"end":{"line":352,"column":40}},"type":"cond-expr","locations":[{"start":{"line":352,"column":32},"end":{"line":352,"column":34}},{"start":{"line":352,"column":37},"end":{"line":352,"column":40}}],"line":352}},"s":{"0":2,"1":2,"2":45,"3":1,"4":1,"5":44,"6":1,"7":1,"8":43,"9":43,"10":43,"11":43,"12":43,"13":3,"14":40,"15":43,"16":3,"17":40,"18":40,"19":40,"20":40,"21":40,"22":26,"23":49,"24":30,"25":30,"26":5,"27":25,"28":25,"29":9,"30":9,"31":62,"32":62,"33":62,"34":7,"35":7,"36":7,"37":7,"38":2,"39":5,"40":12,"41":12,"42":12,"43":7,"44":12,"45":12,"46":10,"47":1,"48":9,"49":2,"50":1,"51":1,"52":1,"53":32,"54":32,"55":15,"56":17,"57":17,"58":14,"59":14,"60":3},"f":{"0":45,"1":43,"2":40,"3":26,"4":49,"5":30,"6":9,"7":62,"8":7,"9":12,"10":32},"b":{"0":[1,44],"1":[45,44],"2":[1,43],"3":[44,43],"4":[38],"5":[3,40],"6":[1,2],"7":[1,1],"8":[3,40],"9":[2,38],"10":[37,3],"11":[2,38],"12":[37,3],"13":[49,37],"14":[7],"15":[25],"16":[24],"17":[24],"18":[5,25],"19":[1],"20":[2],"21":[6],"22":[6],"23":[7],"24":[7,7],"25":[2,5],"26":[7,6],"27":[3],"28":[4],"29":[6],"30":[5],"31":[1,11],"32":[7,5],"33":[10,2],"34":[1,9],"35":[1,1],"36":[2],"37":[29],"38":[26],"39":[25],"40":[15,17],"41":[14,3],"42":[10,4]},"_coverageSchema":"332fd63041d2c1bcb487cc26dd0d5f7d97098a6c","hash":"ab6387e1c06121b0e3989f5b5261ad47fda6f5e8"}
,"/home/ubuntu/workspace/packages/hobbit-navigator/src/router.js": {"path":"/home/ubuntu/workspace/packages/hobbit-navigator/src/router.js","statementMap":{"0":{"start":{"line":16,"column":14},"end":{"line":16,"column":23}},"1":{"start":{"line":24,"column":30},"end":{"line":57,"column":1}},"2":{"start":{"line":32,"column":8},"end":{"line":32,"column":74}},"3":{"start":{"line":41,"column":8},"end":{"line":41,"column":77}},"4":{"start":{"line":48,"column":8},"end":{"line":48,"column":19}},"5":{"start":{"line":55,"column":8},"end":{"line":55,"column":30}},"6":{"start":{"line":109,"column":4},"end":{"line":113,"column":5}},"7":{"start":{"line":111,"column":8},"end":{"line":112,"column":46}},"8":{"start":{"line":115,"column":4},"end":{"line":119,"column":5}},"9":{"start":{"line":118,"column":8},"end":{"line":118,"column":65}},"10":{"start":{"line":121,"column":17},"end":{"line":121,"column":19}},"11":{"start":{"line":122,"column":18},"end":{"line":122,"column":20}},"12":{"start":{"line":124,"column":4},"end":{"line":142,"column":5}},"13":{"start":{"line":126,"column":8},"end":{"line":126,"column":30}},"14":{"start":{"line":127,"column":8},"end":{"line":131,"column":9}},"15":{"start":{"line":130,"column":12},"end":{"line":130,"column":35}},"16":{"start":{"line":133,"column":9},"end":{"line":142,"column":5}},"17":{"start":{"line":136,"column":8},"end":{"line":136,"column":44}},"18":{"start":{"line":137,"column":8},"end":{"line":141,"column":9}},"19":{"start":{"line":140,"column":12},"end":{"line":140,"column":35}},"20":{"start":{"line":143,"column":4},"end":{"line":179,"column":5}},"21":{"start":{"line":145,"column":24},"end":{"line":145,"column":37}},"22":{"start":{"line":146,"column":8},"end":{"line":178,"column":9}},"23":{"start":{"line":149,"column":12},"end":{"line":177,"column":13}},"24":{"start":{"line":153,"column":16},"end":{"line":170,"column":19}},"25":{"start":{"line":173,"column":17},"end":{"line":177,"column":13}},"26":{"start":{"line":174,"column":16},"end":{"line":176,"column":19}},"27":{"start":{"line":181,"column":4},"end":{"line":181,"column":16}},"28":{"start":{"line":200,"column":0},"end":{"line":202,"column":2}},"29":{"start":{"line":201,"column":4},"end":{"line":201,"column":41}},"30":{"start":{"line":209,"column":0},"end":{"line":211,"column":2}},"31":{"start":{"line":210,"column":4},"end":{"line":210,"column":24}},"32":{"start":{"line":220,"column":0},"end":{"line":227,"column":2}},"33":{"start":{"line":221,"column":4},"end":{"line":225,"column":5}},"34":{"start":{"line":223,"column":8},"end":{"line":224,"column":46}},"35":{"start":{"line":226,"column":4},"end":{"line":226,"column":33}},"36":{"start":{"line":251,"column":0},"end":{"line":260,"column":2}},"37":{"start":{"line":252,"column":4},"end":{"line":256,"column":5}},"38":{"start":{"line":254,"column":8},"end":{"line":255,"column":46}},"39":{"start":{"line":257,"column":4},"end":{"line":259,"column":17}},"40":{"start":{"line":285,"column":0},"end":{"line":308,"column":2}},"41":{"start":{"line":286,"column":4},"end":{"line":290,"column":5}},"42":{"start":{"line":288,"column":8},"end":{"line":289,"column":46}},"43":{"start":{"line":291,"column":4},"end":{"line":307,"column":6}},"44":{"start":{"line":293,"column":12},"end":{"line":305,"column":15}}},"fnMap":{"0":{"name":"(anonymous_0)","decl":{"start":{"line":31,"column":14},"end":{"line":31,"column":15}},"loc":{"start":{"line":31,"column":25},"end":{"line":33,"column":5}},"line":31},"1":{"name":"(anonymous_1)","decl":{"start":{"line":40,"column":14},"end":{"line":40,"column":15}},"loc":{"start":{"line":40,"column":25},"end":{"line":42,"column":5}},"line":40},"2":{"name":"(anonymous_2)","decl":{"start":{"line":47,"column":16},"end":{"line":47,"column":17}},"loc":{"start":{"line":47,"column":27},"end":{"line":49,"column":5}},"line":47},"3":{"name":"(anonymous_3)","decl":{"start":{"line":54,"column":10},"end":{"line":54,"column":11}},"loc":{"start":{"line":54,"column":26},"end":{"line":56,"column":5}},"line":54},"4":{"name":"r","decl":{"start":{"line":107,"column":9},"end":{"line":107,"column":10}},"loc":{"start":{"line":107,"column":13},"end":{"line":182,"column":1}},"line":107},"5":{"name":"(anonymous_5)","decl":{"start":{"line":200,"column":17},"end":{"line":200,"column":18}},"loc":{"start":{"line":200,"column":36},"end":{"line":202,"column":1}},"line":200},"6":{"name":"(anonymous_6)","decl":{"start":{"line":209,"column":17},"end":{"line":209,"column":18}},"loc":{"start":{"line":209,"column":23},"end":{"line":211,"column":1}},"line":209},"7":{"name":"(anonymous_7)","decl":{"start":{"line":220,"column":16},"end":{"line":220,"column":17}},"loc":{"start":{"line":220,"column":22},"end":{"line":227,"column":1}},"line":220},"8":{"name":"(anonymous_8)","decl":{"start":{"line":251,"column":13},"end":{"line":251,"column":14}},"loc":{"start":{"line":251,"column":51},"end":{"line":260,"column":1}},"line":251},"9":{"name":"(anonymous_9)","decl":{"start":{"line":285,"column":17},"end":{"line":285,"column":18}},"loc":{"start":{"line":285,"column":50},"end":{"line":308,"column":1}},"line":285},"10":{"name":"(anonymous_10)","decl":{"start":{"line":292,"column":14},"end":{"line":292,"column":15}},"loc":{"start":{"line":292,"column":30},"end":{"line":306,"column":9}},"line":292}},"branchMap":{"0":{"loc":{"start":{"line":109,"column":4},"end":{"line":113,"column":5}},"type":"if","locations":[{"start":{"line":109,"column":4},"end":{"line":113,"column":5}},{"start":{"line":109,"column":4},"end":{"line":113,"column":5}}],"line":109},"1":{"loc":{"start":{"line":115,"column":4},"end":{"line":119,"column":5}},"type":"if","locations":[{"start":{"line":115,"column":4},"end":{"line":119,"column":5}},{"start":{"line":115,"column":4},"end":{"line":119,"column":5}}],"line":115},"2":{"loc":{"start":{"line":124,"column":4},"end":{"line":142,"column":5}},"type":"if","locations":[{"start":{"line":124,"column":4},"end":{"line":142,"column":5}},{"start":{"line":124,"column":4},"end":{"line":142,"column":5}}],"line":124},"3":{"loc":{"start":{"line":127,"column":8},"end":{"line":131,"column":9}},"type":"if","locations":[{"start":{"line":127,"column":8},"end":{"line":131,"column":9}},{"start":{"line":127,"column":8},"end":{"line":131,"column":9}}],"line":127},"4":{"loc":{"start":{"line":127,"column":12},"end":{"line":127,"column":69}},"type":"binary-expr","locations":[{"start":{"line":127,"column":12},"end":{"line":127,"column":32}},{"start":{"line":127,"column":36},"end":{"line":127,"column":69}}],"line":127},"5":{"loc":{"start":{"line":133,"column":9},"end":{"line":142,"column":5}},"type":"if","locations":[{"start":{"line":133,"column":9},"end":{"line":142,"column":5}},{"start":{"line":133,"column":9},"end":{"line":142,"column":5}}],"line":133},"6":{"loc":{"start":{"line":137,"column":8},"end":{"line":141,"column":9}},"type":"if","locations":[{"start":{"line":137,"column":8},"end":{"line":141,"column":9}},{"start":{"line":137,"column":8},"end":{"line":141,"column":9}}],"line":137},"7":{"loc":{"start":{"line":137,"column":12},"end":{"line":137,"column":69}},"type":"binary-expr","locations":[{"start":{"line":137,"column":12},"end":{"line":137,"column":32}},{"start":{"line":137,"column":36},"end":{"line":137,"column":69}}],"line":137},"8":{"loc":{"start":{"line":146,"column":8},"end":{"line":178,"column":9}},"type":"if","locations":[{"start":{"line":146,"column":8},"end":{"line":178,"column":9}},{"start":{"line":146,"column":8},"end":{"line":178,"column":9}}],"line":146},"9":{"loc":{"start":{"line":149,"column":12},"end":{"line":177,"column":13}},"type":"if","locations":[{"start":{"line":149,"column":12},"end":{"line":177,"column":13}},{"start":{"line":149,"column":12},"end":{"line":177,"column":13}}],"line":149},"10":{"loc":{"start":{"line":149,"column":16},"end":{"line":150,"column":60}},"type":"binary-expr","locations":[{"start":{"line":149,"column":16},"end":{"line":149,"column":46}},{"start":{"line":149,"column":50},"end":{"line":149,"column":63}},{"start":{"line":150,"column":19},"end":{"line":150,"column":60}}],"line":149},"11":{"loc":{"start":{"line":173,"column":17},"end":{"line":177,"column":13}},"type":"if","locations":[{"start":{"line":173,"column":17},"end":{"line":177,"column":13}},{"start":{"line":173,"column":17},"end":{"line":177,"column":13}}],"line":173},"12":{"loc":{"start":{"line":173,"column":21},"end":{"line":173,"column":68}},"type":"binary-expr","locations":[{"start":{"line":173,"column":21},"end":{"line":173,"column":51}},{"start":{"line":173,"column":55},"end":{"line":173,"column":68}}],"line":173},"13":{"loc":{"start":{"line":221,"column":4},"end":{"line":225,"column":5}},"type":"if","locations":[{"start":{"line":221,"column":4},"end":{"line":225,"column":5}},{"start":{"line":221,"column":4},"end":{"line":225,"column":5}}],"line":221},"14":{"loc":{"start":{"line":251,"column":21},"end":{"line":251,"column":32}},"type":"default-arg","locations":[{"start":{"line":251,"column":30},"end":{"line":251,"column":32}}],"line":251},"15":{"loc":{"start":{"line":251,"column":34},"end":{"line":251,"column":46}},"type":"default-arg","locations":[{"start":{"line":251,"column":44},"end":{"line":251,"column":46}}],"line":251},"16":{"loc":{"start":{"line":252,"column":4},"end":{"line":256,"column":5}},"type":"if","locations":[{"start":{"line":252,"column":4},"end":{"line":256,"column":5}},{"start":{"line":252,"column":4},"end":{"line":256,"column":5}}],"line":252},"17":{"loc":{"start":{"line":286,"column":4},"end":{"line":290,"column":5}},"type":"if","locations":[{"start":{"line":286,"column":4},"end":{"line":290,"column":5}},{"start":{"line":286,"column":4},"end":{"line":290,"column":5}}],"line":286}},"s":{"0":1,"1":1,"2":1,"3":1,"4":1,"5":2,"6":21,"7":1,"8":20,"9":1,"10":19,"11":19,"12":19,"13":9,"14":9,"15":4,"16":10,"17":10,"18":10,"19":4,"20":19,"21":23,"22":23,"23":11,"24":9,"25":2,"26":2,"27":8,"28":1,"29":18,"30":1,"31":22,"32":1,"33":3,"34":1,"35":2,"36":1,"37":2,"38":1,"39":1,"40":1,"41":3,"42":1,"43":2,"44":2},"f":{"0":1,"1":1,"2":1,"3":2,"4":21,"5":18,"6":22,"7":3,"8":2,"9":3,"10":2},"b":{"0":[1,20],"1":[1,19],"2":[9,10],"3":[4,5],"4":[9,4],"5":[10,0],"6":[4,6],"7":[10,4],"8":[11,12],"9":[9,2],"10":[11,11,11],"11":[2,0],"12":[2,2],"13":[1,2],"14":[2],"15":[2],"16":[1,1],"17":[1,2]},"_coverageSchema":"332fd63041d2c1bcb487cc26dd0d5f7d97098a6c","hash":"e8f6354204010ca19e27881043d681b2aec5d95e"}
}
