TN:
SF:/home/ubuntu/workspace/packages/hobbit-navigator/src/history.js
FN:30,(anonymous_0)
FN:90,(anonymous_1)
FN:127,(anonymous_2)
FN:146,(anonymous_3)
FN:155,(anonymous_4)
FN:179,(anonymous_5)
FN:194,(anonymous_6)
FN:213,(anonymous_7)
FN:242,(anonymous_8)
FN:277,(anonymous_9)
FN:333,(anonymous_10)
FNF:11
FNH:11
FNDA:45,(anonymous_0)
FNDA:43,(anonymous_1)
FNDA:40,(anonymous_2)
FNDA:26,(anonymous_3)
FNDA:49,(anonymous_4)
FNDA:30,(anonymous_5)
FNDA:9,(anonymous_6)
FNDA:62,(anonymous_7)
FNDA:7,(anonymous_8)
FNDA:12,(anonymous_9)
FNDA:32,(anonymous_10)
DA:11,2
DA:30,2
DA:33,45
DA:36,1
DA:39,1
DA:41,44
DA:43,1
DA:46,1
DA:48,43
DA:91,43
DA:92,43
DA:93,43
DA:95,43
DA:99,3
DA:110,40
DA:113,43
DA:115,3
DA:128,40
DA:129,40
DA:130,40
DA:131,40
DA:133,40
DA:147,26
DA:156,49
DA:180,30
DA:189,30
DA:191,5
DA:193,25
DA:194,25
DA:195,9
DA:196,9
DA:214,62
DA:215,62
DA:216,62
DA:243,7
DA:245,7
DA:246,7
DA:248,7
DA:250,2
DA:252,5
DA:278,12
DA:279,12
DA:280,12
DA:282,7
DA:284,12
DA:291,12
DA:293,10
DA:295,1
DA:299,9
DA:302,2
DA:304,1
DA:306,1
DA:310,1
DA:334,32
DA:343,32
DA:345,15
DA:347,17
DA:348,17
DA:350,14
DA:354,14
DA:356,3
LF:61
LH:61
BRDA:33,0,0,1
BRDA:33,0,1,44
BRDA:33,1,0,45
BRDA:33,1,1,44
BRDA:41,2,0,1
BRDA:41,2,1,43
BRDA:41,3,0,44
BRDA:41,3,1,43
BRDA:90,4,0,38
BRDA:95,5,0,3
BRDA:95,5,1,40
BRDA:99,6,0,1
BRDA:99,6,1,2
BRDA:101,7,0,1
BRDA:101,7,1,1
BRDA:113,8,0,3
BRDA:113,8,1,40
BRDA:131,9,0,2
BRDA:131,9,1,38
BRDA:134,10,0,37
BRDA:134,10,1,3
BRDA:135,11,0,2
BRDA:135,11,1,38
BRDA:136,12,0,37
BRDA:136,12,1,3
BRDA:156,13,0,49
BRDA:156,13,1,37
BRDA:179,14,0,7
BRDA:179,15,0,25
BRDA:179,16,0,24
BRDA:179,17,0,24
BRDA:189,18,0,5
BRDA:189,18,1,25
BRDA:242,19,0,1
BRDA:242,20,0,2
BRDA:242,21,0,6
BRDA:242,22,0,6
BRDA:242,23,0,7
BRDA:243,24,0,7
BRDA:243,24,1,7
BRDA:248,25,0,2
BRDA:248,25,1,5
BRDA:248,26,0,7
BRDA:248,26,1,6
BRDA:277,27,0,3
BRDA:277,28,0,4
BRDA:277,29,0,6
BRDA:277,30,0,5
BRDA:279,31,0,1
BRDA:279,31,1,11
BRDA:280,32,0,7
BRDA:280,32,1,5
BRDA:291,33,0,10
BRDA:291,33,1,2
BRDA:293,34,0,1
BRDA:293,34,1,9
BRDA:302,35,0,1
BRDA:302,35,1,1
BRDA:333,36,0,2
BRDA:333,37,0,29
BRDA:333,38,0,26
BRDA:333,39,0,25
BRDA:343,40,0,15
BRDA:343,40,1,17
BRDA:348,41,0,14
BRDA:348,41,1,3
BRDA:352,42,0,10
BRDA:352,42,1,4
BRF:68
BRH:68
end_of_record
TN:
SF:/home/ubuntu/workspace/packages/hobbit-navigator/src/router.js
FN:31,(anonymous_0)
FN:40,(anonymous_1)
FN:47,(anonymous_2)
FN:54,(anonymous_3)
FN:107,r
FN:200,(anonymous_5)
FN:209,(anonymous_6)
FN:220,(anonymous_7)
FN:251,(anonymous_8)
FN:285,(anonymous_9)
FN:292,(anonymous_10)
FNF:11
FNH:11
FNDA:1,(anonymous_0)
FNDA:1,(anonymous_1)
FNDA:1,(anonymous_2)
FNDA:2,(anonymous_3)
FNDA:21,r
FNDA:18,(anonymous_5)
FNDA:22,(anonymous_6)
FNDA:3,(anonymous_7)
FNDA:2,(anonymous_8)
FNDA:3,(anonymous_9)
FNDA:2,(anonymous_10)
DA:16,1
DA:24,1
DA:32,1
DA:41,1
DA:48,1
DA:55,2
DA:109,21
DA:111,1
DA:115,20
DA:118,1
DA:121,19
DA:122,19
DA:124,19
DA:126,9
DA:127,9
DA:130,4
DA:133,10
DA:136,10
DA:137,10
DA:140,4
DA:143,19
DA:145,23
DA:146,23
DA:149,11
DA:153,9
DA:173,2
DA:174,2
DA:181,8
DA:200,1
DA:201,18
DA:209,1
DA:210,22
DA:220,1
DA:221,3
DA:223,1
DA:226,2
DA:251,1
DA:252,2
DA:254,1
DA:257,1
DA:285,1
DA:286,3
DA:288,1
DA:291,2
DA:293,2
LF:45
LH:45
BRDA:109,0,0,1
BRDA:109,0,1,20
BRDA:115,1,0,1
BRDA:115,1,1,19
BRDA:124,2,0,9
BRDA:124,2,1,10
BRDA:127,3,0,4
BRDA:127,3,1,5
BRDA:127,4,0,9
BRDA:127,4,1,4
BRDA:133,5,0,10
BRDA:133,5,1,0
BRDA:137,6,0,4
BRDA:137,6,1,6
BRDA:137,7,0,10
BRDA:137,7,1,4
BRDA:146,8,0,11
BRDA:146,8,1,12
BRDA:149,9,0,9
BRDA:149,9,1,2
BRDA:149,10,0,11
BRDA:149,10,1,11
BRDA:149,10,2,11
BRDA:173,11,0,2
BRDA:173,11,1,0
BRDA:173,12,0,2
BRDA:173,12,1,2
BRDA:221,13,0,1
BRDA:221,13,1,2
BRDA:251,14,0,2
BRDA:251,15,0,2
BRDA:252,16,0,1
BRDA:252,16,1,1
BRDA:286,17,0,1
BRDA:286,17,1,2
BRF:35
BRH:33
end_of_record
