TN:
SF:/home/ubuntu/workspace/packages/hobbit-navigator/src/history.js
FN:30,(anonymous_0)
FN:90,(anonymous_1)
FN:127,(anonymous_2)
FN:146,(anonymous_3)
FN:155,(anonymous_4)
FN:179,(anonymous_5)
FN:194,(anonymous_6)
FN:213,(anonymous_7)
FN:242,(anonymous_8)
FN:277,(anonymous_9)
FN:333,(anonymous_10)
FNF:11
FNH:11
FNDA:27,(anonymous_0)
FNDA:25,(anonymous_1)
FNDA:22,(anonymous_2)
FNDA:13,(anonymous_3)
FNDA:22,(anonymous_4)
FNDA:8,(anonymous_5)
FNDA:5,(anonymous_6)
FNDA:17,(anonymous_7)
FNDA:6,(anonymous_8)
FNDA:12,(anonymous_9)
FNDA:9,(anonymous_10)
DA:11,2
DA:30,2
DA:33,27
DA:36,1
DA:39,1
DA:41,26
DA:43,1
DA:46,1
DA:48,25
DA:91,25
DA:92,25
DA:93,25
DA:95,25
DA:99,3
DA:110,22
DA:113,25
DA:115,3
DA:128,22
DA:129,22
DA:130,22
DA:131,22
DA:133,22
DA:147,13
DA:156,22
DA:180,8
DA:189,8
DA:191,3
DA:193,5
DA:194,5
DA:195,5
DA:196,5
DA:214,17
DA:215,17
DA:216,17
DA:243,6
DA:245,6
DA:246,6
DA:248,6
DA:250,1
DA:252,5
DA:278,12
DA:279,12
DA:280,12
DA:282,7
DA:284,12
DA:291,12
DA:293,10
DA:295,1
DA:299,9
DA:302,2
DA:304,1
DA:306,1
DA:310,1
DA:334,9
DA:343,9
DA:345,3
DA:347,6
DA:348,6
DA:350,5
DA:354,5
DA:356,1
LF:61
LH:61
BRDA:33,0,0,1
BRDA:33,0,1,26
BRDA:33,1,0,27
BRDA:33,1,1,26
BRDA:41,2,0,1
BRDA:41,2,1,25
BRDA:41,3,0,26
BRDA:41,3,1,25
BRDA:90,4,0,20
BRDA:95,5,0,3
BRDA:95,5,1,22
BRDA:99,6,0,1
BRDA:99,6,1,2
BRDA:101,7,0,1
BRDA:101,7,1,1
BRDA:113,8,0,3
BRDA:113,8,1,22
BRDA:131,9,0,2
BRDA:131,9,1,20
BRDA:134,10,0,20
BRDA:134,10,1,2
BRDA:135,11,0,2
BRDA:135,11,1,20
BRDA:136,12,0,20
BRDA:136,12,1,2
BRDA:156,13,0,22
BRDA:156,13,1,10
BRDA:179,14,0,3
BRDA:179,15,0,7
BRDA:179,16,0,6
BRDA:179,17,0,6
BRDA:189,18,0,3
BRDA:189,18,1,5
BRDA:242,19,0,1
BRDA:242,20,0,2
BRDA:242,21,0,5
BRDA:242,22,0,5
BRDA:242,23,0,6
BRDA:243,24,0,6
BRDA:243,24,1,6
BRDA:248,25,0,1
BRDA:248,25,1,5
BRDA:248,26,0,6
BRDA:248,26,1,5
BRDA:277,27,0,3
BRDA:277,28,0,4
BRDA:277,29,0,6
BRDA:277,30,0,5
BRDA:279,31,0,1
BRDA:279,31,1,11
BRDA:280,32,0,7
BRDA:280,32,1,5
BRDA:291,33,0,10
BRDA:291,33,1,2
BRDA:293,34,0,1
BRDA:293,34,1,9
BRDA:302,35,0,1
BRDA:302,35,1,1
BRDA:333,36,0,2
BRDA:333,37,0,8
BRDA:333,38,0,5
BRDA:333,39,0,7
BRDA:343,40,0,3
BRDA:343,40,1,6
BRDA:348,41,0,5
BRDA:348,41,1,1
BRDA:352,42,0,3
BRDA:352,42,1,2
BRF:68
BRH:68
end_of_record
TN:
SF:/home/ubuntu/workspace/packages/hobbit-navigator/src/router.js
FN:31,(anonymous_0)
FN:40,(anonymous_1)
FN:47,(anonymous_2)
FN:54,(anonymous_3)
FN:107,r
FN:201,(anonymous_5)
FN:212,(anonymous_6)
FN:244,(anonymous_7)
FN:279,(anonymous_8)
FN:281,(anonymous_9)
FNF:10
FNH:0
FNDA:0,(anonymous_0)
FNDA:0,(anonymous_1)
FNDA:0,(anonymous_2)
FNDA:0,(anonymous_3)
FNDA:0,r
FNDA:0,(anonymous_5)
FNDA:0,(anonymous_6)
FNDA:0,(anonymous_7)
FNDA:0,(anonymous_8)
FNDA:0,(anonymous_9)
DA:16,1
DA:24,1
DA:32,0
DA:41,0
DA:48,0
DA:55,0
DA:109,0
DA:110,0
DA:112,0
DA:115,0
DA:116,0
DA:119,0
DA:121,0
DA:122,0
DA:125,0
DA:128,0
DA:131,0
DA:132,0
DA:135,0
DA:138,0
DA:140,0
DA:142,0
DA:144,0
DA:146,0
DA:147,0
DA:150,0
DA:154,0
DA:174,0
DA:175,0
DA:182,0
DA:201,1
DA:202,0
DA:212,1
DA:213,0
DA:215,0
DA:217,0
DA:219,0
DA:244,1
DA:245,0
DA:247,0
DA:249,0
DA:251,0
DA:279,1
DA:280,0
DA:282,0
LF:45
LH:6
BRDA:112,0,0,0
BRDA:112,0,1,0
BRDA:119,1,0,0
BRDA:119,1,1,0
BRDA:122,2,0,0
BRDA:122,2,1,0
BRDA:122,3,0,0
BRDA:122,3,1,0
BRDA:128,4,0,0
BRDA:128,4,1,0
BRDA:132,5,0,0
BRDA:132,5,1,0
BRDA:132,6,0,0
BRDA:132,6,1,0
BRDA:138,7,0,0
BRDA:138,7,1,0
BRDA:147,8,0,0
BRDA:147,8,1,0
BRDA:150,9,0,0
BRDA:150,9,1,0
BRDA:150,10,0,0
BRDA:150,10,1,0
BRDA:150,10,2,0
BRDA:174,11,0,0
BRDA:174,11,1,0
BRDA:174,12,0,0
BRDA:174,12,1,0
BRDA:213,13,0,0
BRDA:213,13,1,0
BRDA:244,14,0,0
BRDA:244,15,0,0
BRDA:245,16,0,0
BRDA:245,16,1,0
BRF:33
BRH:0
end_of_record
